Loaded dependency [python3/3.10.12]: gcc/11.4.0-binutils-2.40
Loaded dependency [python3/3.10.12]: sqlite3/3.42.0

Switching from python3/3.8.2 to python3/3.10.12
  Loading requirement: gcc/11.4.0-binutils-2.40 sqlite3/3.42.0
Traceback (most recent call last):
  File "/zhome/77/8/118225/Desktop/Projects/spdn_learning/spdn_learning/train_VAE.py", line 17, in <module>
    import torch
  File "/zhome/77/8/118225/.local/lib/python3.10/site-packages/torch/__init__.py", line 1382, in <module>
    from .functional import *  # noqa: F403
  File "/zhome/77/8/118225/.local/lib/python3.10/site-packages/torch/functional.py", line 7, in <module>
    import torch.nn.functional as F
  File "/zhome/77/8/118225/.local/lib/python3.10/site-packages/torch/nn/__init__.py", line 1, in <module>
    from .modules import *  # noqa: F403
  File "/zhome/77/8/118225/.local/lib/python3.10/site-packages/torch/nn/modules/__init__.py", line 2, in <module>
    from .linear import Identity, Linear, Bilinear, LazyLinear
  File "/zhome/77/8/118225/.local/lib/python3.10/site-packages/torch/nn/modules/linear.py", line 7, in <module>
    from .. import functional as F
  File "/zhome/77/8/118225/.local/lib/python3.10/site-packages/torch/nn/functional.py", line 20, in <module>
    from .._jit_internal import boolean_dispatch, _overload, BroadcastingList1, BroadcastingList2, BroadcastingList3
  File "/zhome/77/8/118225/.local/lib/python3.10/site-packages/torch/_jit_internal.py", line 41, in <module>
    import torch.distributed.rpc
  File "/zhome/77/8/118225/.local/lib/python3.10/site-packages/torch/distributed/rpc/__init__.py", line 66, in <module>
    from . import api, backend_registry, functions
  File "/zhome/77/8/118225/.local/lib/python3.10/site-packages/torch/distributed/rpc/api.py", line 13, in <module>
    from torch.futures import Future
  File "<frozen importlib._bootstrap>", line 1027, in _find_and_load
  File "<frozen importlib._bootstrap>", line 1002, in _find_and_load_unlocked
  File "<frozen importlib._bootstrap>", line 945, in _find_spec
  File "<frozen importlib._bootstrap_external>", line 1439, in find_spec
  File "<frozen importlib._bootstrap_external>", line 1411, in _get_spec
  File "<frozen importlib._bootstrap_external>", line 1563, in find_spec
  File "<frozen importlib._bootstrap_external>", line 161, in _path_isfile
  File "<frozen importlib._bootstrap_external>", line 153, in _path_is_mode_type
  File "<frozen importlib._bootstrap_external>", line 147, in _path_stat
KeyboardInterrupt
