Saving Epoch: 1/50000 
	 -ELBO = 0.0324 
	 -ML = 0.0316 
	 -KLD = 0.0008
Saving Epoch: 100/50000 
	 -ELBO = -0.0209 
	 -ML = -0.0858 
	 -KLD = 0.0649
Saving Epoch: 200/50000 
	 -ELBO = -0.0237 
	 -ML = -0.0869 
	 -KLD = 0.0632
Saving Epoch: 300/50000 
	 -ELBO = -0.0249 
	 -ML = -0.0875 
	 -KLD = 0.0626
Saving Epoch: 400/50000 
	 -ELBO = -0.0253 
	 -ML = -0.0878 
	 -KLD = 0.0625
Saving Epoch: 500/50000 
	 -ELBO = -0.0258 
	 -ML = -0.0882 
	 -KLD = 0.0624
Saving Epoch: 600/50000 
	 -ELBO = -0.0259 
	 -ML = -0.0883 
	 -KLD = 0.0624
Saving Epoch: 700/50000 
	 -ELBO = -0.0260 
	 -ML = -0.0884 
	 -KLD = 0.0624
Saving Epoch: 800/50000 
	 -ELBO = -0.0262 
	 -ML = -0.0885 
	 -KLD = 0.0623
Saving Epoch: 900/50000 
	 -ELBO = -0.0263 
	 -ML = -0.0888 
	 -KLD = 0.0626
Saving Epoch: 1000/50000 
	 -ELBO = -0.0265 
	 -ML = -0.0890 
	 -KLD = 0.0624
Saving Epoch: 1100/50000 
	 -ELBO = -0.0267 
	 -ML = -0.0890 
	 -KLD = 0.0623
Saving Epoch: 1200/50000 
	 -ELBO = -0.0268 
	 -ML = -0.0892 
	 -KLD = 0.0624
Saving Epoch: 1300/50000 
	 -ELBO = -0.0267 
	 -ML = -0.0893 
	 -KLD = 0.0626
Saving Epoch: 1400/50000 
	 -ELBO = -0.0267 
	 -ML = -0.0895 
	 -KLD = 0.0627
Saving Epoch: 1500/50000 
	 -ELBO = -0.0270 
	 -ML = -0.0894 
	 -KLD = 0.0623
Saving Epoch: 1600/50000 
	 -ELBO = -0.0272 
	 -ML = -0.0895 
	 -KLD = 0.0622
Saving Epoch: 1700/50000 
	 -ELBO = -0.0271 
	 -ML = -0.0894 
	 -KLD = 0.0623
Saving Epoch: 1800/50000 
	 -ELBO = -0.0273 
	 -ML = -0.0897 
	 -KLD = 0.0623
Saving Epoch: 1900/50000 
	 -ELBO = -0.0274 
	 -ML = -0.0897 
	 -KLD = 0.0622
Saving Epoch: 2000/50000 
	 -ELBO = -0.0276 
	 -ML = -0.0896 
	 -KLD = 0.0621
Saving Epoch: 2100/50000 
	 -ELBO = -0.0276 
	 -ML = -0.0897 
	 -KLD = 0.0620
Saving Epoch: 2200/50000 
	 -ELBO = -0.0277 
	 -ML = -0.0900 
	 -KLD = 0.0623
Saving Epoch: 2300/50000 
	 -ELBO = -0.0275 
	 -ML = -0.0899 
	 -KLD = 0.0624
Saving Epoch: 2400/50000 
	 -ELBO = -0.0280 
	 -ML = -0.0899 
	 -KLD = 0.0620
Saving Epoch: 2500/50000 
	 -ELBO = -0.0278 
	 -ML = -0.0900 
	 -KLD = 0.0623
Saving Epoch: 2600/50000 
	 -ELBO = -0.0282 
	 -ML = -0.0899 
	 -KLD = 0.0617
Saving Epoch: 2700/50000 
	 -ELBO = -0.0283 
	 -ML = -0.0900 
	 -KLD = 0.0617
Saving Epoch: 2800/50000 
	 -ELBO = -0.0279 
	 -ML = -0.0900 
	 -KLD = 0.0621
Saving Epoch: 2900/50000 
	 -ELBO = -0.0284 
	 -ML = -0.0902 
	 -KLD = 0.0618
Saving Epoch: 3000/50000 
	 -ELBO = -0.0285 
	 -ML = -0.0903 
	 -KLD = 0.0617
Saving Epoch: 3100/50000 
	 -ELBO = -0.0286 
	 -ML = -0.0901 
	 -KLD = 0.0615
Saving Epoch: 3200/50000 
	 -ELBO = -0.0287 
	 -ML = -0.0902 
	 -KLD = 0.0616
Saving Epoch: 3300/50000 
	 -ELBO = -0.0290 
	 -ML = -0.0903 
	 -KLD = 0.0613
Saving Epoch: 3400/50000 
	 -ELBO = -0.0292 
	 -ML = -0.0902 
	 -KLD = 0.0610
Saving Epoch: 3500/50000 
	 -ELBO = -0.0291 
	 -ML = -0.0902 
	 -KLD = 0.0611
Saving Epoch: 3600/50000 
	 -ELBO = -0.0295 
	 -ML = -0.0903 
	 -KLD = 0.0608
Saving Epoch: 3700/50000 
	 -ELBO = -0.0294 
	 -ML = -0.0905 
	 -KLD = 0.0611
Saving Epoch: 3800/50000 
	 -ELBO = -0.0297 
	 -ML = -0.0903 
	 -KLD = 0.0606
Saving Epoch: 3900/50000 
	 -ELBO = -0.0295 
	 -ML = -0.0904 
	 -KLD = 0.0609
Saving Epoch: 4000/50000 
	 -ELBO = -0.0296 
	 -ML = -0.0904 
	 -KLD = 0.0607
Saving Epoch: 4100/50000 
	 -ELBO = -0.0301 
	 -ML = -0.0905 
	 -KLD = 0.0604
Saving Epoch: 4200/50000 
	 -ELBO = -0.0300 
	 -ML = -0.0905 
	 -KLD = 0.0605
Saving Epoch: 4300/50000 
	 -ELBO = -0.0299 
	 -ML = -0.0904 
	 -KLD = 0.0605
Saving Epoch: 4400/50000 
	 -ELBO = -0.0301 
	 -ML = -0.0905 
	 -KLD = 0.0604
Saving Epoch: 4500/50000 
	 -ELBO = -0.0302 
	 -ML = -0.0905 
	 -KLD = 0.0603
Saving Epoch: 4600/50000 
	 -ELBO = -0.0300 
	 -ML = -0.0904 
	 -KLD = 0.0604
Saving Epoch: 4700/50000 
	 -ELBO = -0.0306 
	 -ML = -0.0907 
	 -KLD = 0.0601
Saving Epoch: 4800/50000 
	 -ELBO = -0.0307 
	 -ML = -0.0908 
	 -KLD = 0.0602
Saving Epoch: 4900/50000 
	 -ELBO = -0.0306 
	 -ML = -0.0907 
	 -KLD = 0.0601
Saving Epoch: 5000/50000 
	 -ELBO = -0.0308 
	 -ML = -0.0907 
	 -KLD = 0.0599
Saving Epoch: 5100/50000 
	 -ELBO = -0.0309 
	 -ML = -0.0910 
	 -KLD = 0.0601
Saving Epoch: 5200/50000 
	 -ELBO = -0.0308 
	 -ML = -0.0909 
	 -KLD = 0.0601
Saving Epoch: 5300/50000 
	 -ELBO = -0.0309 
	 -ML = -0.0910 
	 -KLD = 0.0601
Saving Epoch: 5400/50000 
	 -ELBO = -0.0312 
	 -ML = -0.0909 
	 -KLD = 0.0598
Saving Epoch: 5500/50000 
	 -ELBO = -0.0309 
	 -ML = -0.0909 
	 -KLD = 0.0600
Saving Epoch: 5600/50000 
	 -ELBO = -0.0314 
	 -ML = -0.0909 
	 -KLD = 0.0595
Saving Epoch: 5700/50000 
	 -ELBO = -0.0308 
	 -ML = -0.0908 
	 -KLD = 0.0600
Saving Epoch: 5800/50000 
	 -ELBO = -0.0313 
	 -ML = -0.0909 
	 -KLD = 0.0596
Saving Epoch: 5900/50000 
	 -ELBO = -0.0314 
	 -ML = -0.0911 
	 -KLD = 0.0597
Saving Epoch: 6000/50000 
	 -ELBO = -0.0313 
	 -ML = -0.0911 
	 -KLD = 0.0598
Saving Epoch: 6100/50000 
	 -ELBO = -0.0315 
	 -ML = -0.0912 
	 -KLD = 0.0597
Saving Epoch: 6200/50000 
	 -ELBO = -0.0316 
	 -ML = -0.0912 
	 -KLD = 0.0596
Saving Epoch: 6300/50000 
	 -ELBO = -0.0313 
	 -ML = -0.0911 
	 -KLD = 0.0598
Saving Epoch: 6400/50000 
	 -ELBO = -0.0316 
	 -ML = -0.0913 
	 -KLD = 0.0597
Saving Epoch: 6500/50000 
	 -ELBO = -0.0314 
	 -ML = -0.0913 
	 -KLD = 0.0599
Saving Epoch: 6600/50000 
	 -ELBO = -0.0317 
	 -ML = -0.0913 
	 -KLD = 0.0596
Saving Epoch: 6700/50000 
	 -ELBO = -0.0319 
	 -ML = -0.0913 
	 -KLD = 0.0593
Saving Epoch: 6800/50000 
	 -ELBO = -0.0318 
	 -ML = -0.0914 
	 -KLD = 0.0595
Saving Epoch: 6900/50000 
	 -ELBO = -0.0317 
	 -ML = -0.0914 
	 -KLD = 0.0597
Saving Epoch: 7000/50000 
	 -ELBO = -0.0317 
	 -ML = -0.0915 
	 -KLD = 0.0599
Saving Epoch: 7100/50000 
	 -ELBO = -0.0320 
	 -ML = -0.0917 
	 -KLD = 0.0597
Saving Epoch: 7200/50000 
	 -ELBO = -0.0321 
	 -ML = -0.0915 
	 -KLD = 0.0594
Saving Epoch: 7300/50000 
	 -ELBO = -0.0320 
	 -ML = -0.0918 
	 -KLD = 0.0598
Saving Epoch: 7400/50000 
	 -ELBO = -0.0321 
	 -ML = -0.0918 
	 -KLD = 0.0596
Saving Epoch: 7500/50000 
	 -ELBO = -0.0321 
	 -ML = -0.0919 
	 -KLD = 0.0597
Saving Epoch: 7600/50000 
	 -ELBO = -0.0322 
	 -ML = -0.0918 
	 -KLD = 0.0595
Saving Epoch: 7700/50000 
	 -ELBO = -0.0321 
	 -ML = -0.0920 
	 -KLD = 0.0599
Saving Epoch: 7800/50000 
	 -ELBO = -0.0323 
	 -ML = -0.0921 
	 -KLD = 0.0597
Saving Epoch: 7900/50000 
	 -ELBO = -0.0320 
	 -ML = -0.0917 
	 -KLD = 0.0597
Saving Epoch: 8000/50000 
	 -ELBO = -0.0323 
	 -ML = -0.0919 
	 -KLD = 0.0596
Saving Epoch: 8100/50000 
	 -ELBO = -0.0324 
	 -ML = -0.0920 
	 -KLD = 0.0596
Saving Epoch: 8200/50000 
	 -ELBO = -0.0325 
	 -ML = -0.0921 
	 -KLD = 0.0596
Saving Epoch: 8300/50000 
	 -ELBO = -0.0324 
	 -ML = -0.0922 
	 -KLD = 0.0599
Saving Epoch: 8400/50000 
	 -ELBO = -0.0325 
	 -ML = -0.0920 
	 -KLD = 0.0595
Saving Epoch: 8500/50000 
	 -ELBO = -0.0326 
	 -ML = -0.0923 
	 -KLD = 0.0597
Saving Epoch: 8600/50000 
	 -ELBO = -0.0325 
	 -ML = -0.0923 
	 -KLD = 0.0597
Saving Epoch: 8700/50000 
	 -ELBO = -0.0324 
	 -ML = -0.0922 
	 -KLD = 0.0598
Saving Epoch: 8800/50000 
	 -ELBO = -0.0326 
	 -ML = -0.0923 
	 -KLD = 0.0597
Saving Epoch: 8900/50000 
	 -ELBO = -0.0327 
	 -ML = -0.0922 
	 -KLD = 0.0595
Saving Epoch: 9000/50000 
	 -ELBO = -0.0320 
	 -ML = -0.0918 
	 -KLD = 0.0598
Saving Epoch: 9100/50000 
	 -ELBO = -0.0325 
	 -ML = -0.0923 
	 -KLD = 0.0597
Saving Epoch: 9200/50000 
	 -ELBO = -0.0327 
	 -ML = -0.0924 
	 -KLD = 0.0597
Saving Epoch: 9300/50000 
	 -ELBO = -0.0327 
	 -ML = -0.0925 
	 -KLD = 0.0598
Saving Epoch: 9400/50000 
	 -ELBO = -0.0330 
	 -ML = -0.0923 
	 -KLD = 0.0594
Saving Epoch: 9500/50000 
	 -ELBO = -0.0330 
	 -ML = -0.0926 
	 -KLD = 0.0597
Saving Epoch: 9600/50000 
	 -ELBO = -0.0328 
	 -ML = -0.0926 
	 -KLD = 0.0598
Saving Epoch: 9700/50000 
	 -ELBO = -0.0329 
	 -ML = -0.0926 
	 -KLD = 0.0597
Saving Epoch: 9800/50000 
	 -ELBO = -0.0327 
	 -ML = -0.0928 
	 -KLD = 0.0601
Saving Epoch: 9900/50000 
	 -ELBO = -0.0317 
	 -ML = -0.0921 
	 -KLD = 0.0604
Saving Epoch: 10000/50000 
	 -ELBO = -0.0326 
	 -ML = -0.0925 
	 -KLD = 0.0599
Saving Epoch: 10100/50000 
	 -ELBO = -0.0331 
	 -ML = -0.0929 
	 -KLD = 0.0598
Saving Epoch: 10200/50000 
	 -ELBO = -0.0333 
	 -ML = -0.0932 
	 -KLD = 0.0599
Saving Epoch: 10300/50000 
	 -ELBO = -0.0333 
	 -ML = -0.0931 
	 -KLD = 0.0598
Saving Epoch: 10400/50000 
	 -ELBO = -0.0326 
	 -ML = -0.0931 
	 -KLD = 0.0604
Saving Epoch: 10500/50000 
	 -ELBO = -0.0333 
	 -ML = -0.0932 
	 -KLD = 0.0599
Saving Epoch: 10600/50000 
	 -ELBO = -0.0336 
	 -ML = -0.0937 
	 -KLD = 0.0601
Saving Epoch: 10700/50000 
	 -ELBO = -0.0331 
	 -ML = -0.0936 
	 -KLD = 0.0605
Saving Epoch: 10800/50000 
	 -ELBO = -0.0334 
	 -ML = -0.0937 
	 -KLD = 0.0603
Saving Epoch: 10900/50000 
	 -ELBO = -0.0335 
	 -ML = -0.0938 
	 -KLD = 0.0603
Saving Epoch: 11000/50000 
	 -ELBO = -0.0334 
	 -ML = -0.0937 
	 -KLD = 0.0603
Saving Epoch: 11100/50000 
	 -ELBO = -0.0338 
	 -ML = -0.0939 
	 -KLD = 0.0601
Saving Epoch: 11200/50000 
	 -ELBO = -0.0327 
	 -ML = -0.0935 
	 -KLD = 0.0608
Saving Epoch: 11300/50000 
	 -ELBO = -0.0335 
	 -ML = -0.0939 
	 -KLD = 0.0603
Saving Epoch: 11400/50000 
	 -ELBO = -0.0335 
	 -ML = -0.0936 
	 -KLD = 0.0601
Saving Epoch: 11500/50000 
	 -ELBO = -0.0337 
	 -ML = -0.0939 
	 -KLD = 0.0603
Saving Epoch: 11600/50000 
	 -ELBO = -0.0337 
	 -ML = -0.0942 
	 -KLD = 0.0605
Saving Epoch: 11700/50000 
	 -ELBO = -0.0337 
	 -ML = -0.0940 
	 -KLD = 0.0603
Saving Epoch: 11800/50000 
	 -ELBO = -0.0336 
	 -ML = -0.0940 
	 -KLD = 0.0604
Saving Epoch: 11900/50000 
	 -ELBO = -0.0335 
	 -ML = -0.0942 
	 -KLD = 0.0606
Saving Epoch: 12000/50000 
	 -ELBO = -0.0334 
	 -ML = -0.0939 
	 -KLD = 0.0604
Saving Epoch: 12100/50000 
	 -ELBO = -0.0334 
	 -ML = -0.0940 
	 -KLD = 0.0605
Saving Epoch: 12200/50000 
	 -ELBO = -0.0337 
	 -ML = -0.0940 
	 -KLD = 0.0603
Saving Epoch: 12300/50000 
	 -ELBO = -0.0337 
	 -ML = -0.0942 
	 -KLD = 0.0605
Saving Epoch: 12400/50000 
	 -ELBO = -0.0336 
	 -ML = -0.0942 
	 -KLD = 0.0606
Saving Epoch: 12500/50000 
	 -ELBO = -0.0338 
	 -ML = -0.0942 
	 -KLD = 0.0604
Saving Epoch: 12600/50000 
	 -ELBO = -0.0336 
	 -ML = -0.0942 
	 -KLD = 0.0605
Saving Epoch: 12700/50000 
	 -ELBO = -0.0338 
	 -ML = -0.0942 
	 -KLD = 0.0604
Saving Epoch: 12800/50000 
	 -ELBO = -0.0335 
	 -ML = -0.0943 
	 -KLD = 0.0608
Saving Epoch: 12900/50000 
	 -ELBO = -0.0338 
	 -ML = -0.0942 
	 -KLD = 0.0604
Saving Epoch: 13000/50000 
	 -ELBO = -0.0338 
	 -ML = -0.0942 
	 -KLD = 0.0604
Saving Epoch: 13100/50000 
	 -ELBO = -0.0341 
	 -ML = -0.0943 
	 -KLD = 0.0603
Saving Epoch: 13200/50000 
	 -ELBO = -0.0339 
	 -ML = -0.0944 
	 -KLD = 0.0605
Saving Epoch: 13300/50000 
	 -ELBO = -0.0331 
	 -ML = -0.0937 
	 -KLD = 0.0605
Saving Epoch: 13400/50000 
	 -ELBO = -0.0331 
	 -ML = -0.0942 
	 -KLD = 0.0611
Saving Epoch: 13500/50000 
	 -ELBO = -0.0338 
	 -ML = -0.0943 
	 -KLD = 0.0605
Saving Epoch: 13600/50000 
	 -ELBO = -0.0338 
	 -ML = -0.0942 
	 -KLD = 0.0604
Saving Epoch: 13700/50000 
	 -ELBO = -0.0338 
	 -ML = -0.0942 
	 -KLD = 0.0603
Saving Epoch: 13800/50000 
	 -ELBO = -0.0340 
	 -ML = -0.0945 
	 -KLD = 0.0606
Saving Epoch: 13900/50000 
	 -ELBO = -0.0337 
	 -ML = -0.0944 
	 -KLD = 0.0607
Saving Epoch: 14000/50000 
	 -ELBO = -0.0340 
	 -ML = -0.0944 
	 -KLD = 0.0604
Saving Epoch: 14100/50000 
	 -ELBO = -0.0338 
	 -ML = -0.0943 
	 -KLD = 0.0605
Saving Epoch: 14200/50000 
	 -ELBO = -0.0340 
	 -ML = -0.0943 
	 -KLD = 0.0604
Saving Epoch: 14300/50000 
	 -ELBO = -0.0335 
	 -ML = -0.0943 
	 -KLD = 0.0608
Saving Epoch: 14400/50000 
	 -ELBO = -0.0339 
	 -ML = -0.0944 
	 -KLD = 0.0605
Saving Epoch: 14500/50000 
	 -ELBO = -0.0342 
	 -ML = -0.0943 
	 -KLD = 0.0601
Saving Epoch: 14600/50000 
	 -ELBO = -0.0338 
	 -ML = -0.0943 
	 -KLD = 0.0604
Saving Epoch: 14700/50000 
	 -ELBO = -0.0337 
	 -ML = -0.0943 
	 -KLD = 0.0606
Saving Epoch: 14800/50000 
	 -ELBO = -0.0340 
	 -ML = -0.0946 
	 -KLD = 0.0606
Saving Epoch: 14900/50000 
	 -ELBO = -0.0339 
	 -ML = -0.0948 
	 -KLD = 0.0609
Saving Epoch: 15000/50000 
	 -ELBO = -0.0339 
	 -ML = -0.0943 
	 -KLD = 0.0605
Saving Epoch: 15100/50000 
	 -ELBO = -0.0341 
	 -ML = -0.0945 
	 -KLD = 0.0604
Saving Epoch: 15200/50000 
	 -ELBO = -0.0342 
	 -ML = -0.0945 
	 -KLD = 0.0603
Saving Epoch: 15300/50000 
	 -ELBO = -0.0340 
	 -ML = -0.0945 
	 -KLD = 0.0605
Saving Epoch: 15400/50000 
	 -ELBO = -0.0340 
	 -ML = -0.0945 
	 -KLD = 0.0605
Saving Epoch: 15500/50000 
	 -ELBO = -0.0335 
	 -ML = -0.0947 
	 -KLD = 0.0612
Saving Epoch: 15600/50000 
	 -ELBO = -0.0338 
	 -ML = -0.0947 
	 -KLD = 0.0608
Saving Epoch: 15700/50000 
	 -ELBO = -0.0342 
	 -ML = -0.0947 
	 -KLD = 0.0605
Saving Epoch: 15800/50000 
	 -ELBO = -0.0338 
	 -ML = -0.0945 
	 -KLD = 0.0607
Saving Epoch: 15900/50000 
	 -ELBO = -0.0333 
	 -ML = -0.0943 
	 -KLD = 0.0610
Saving Epoch: 16000/50000 
	 -ELBO = -0.0338 
	 -ML = -0.0947 
	 -KLD = 0.0609
Saving Epoch: 16100/50000 
	 -ELBO = -0.0334 
	 -ML = -0.0952 
	 -KLD = 0.0618
Saving Epoch: 16200/50000 
	 -ELBO = -0.0340 
	 -ML = -0.0946 
	 -KLD = 0.0606
Saving Epoch: 16300/50000 
	 -ELBO = -0.0342 
	 -ML = -0.0945 
	 -KLD = 0.0603
Saving Epoch: 16400/50000 
	 -ELBO = -0.0339 
	 -ML = -0.0946 
	 -KLD = 0.0607
Saving Epoch: 16500/50000 
	 -ELBO = -0.0342 
	 -ML = -0.0946 
	 -KLD = 0.0604
Saving Epoch: 16600/50000 
	 -ELBO = -0.0339 
	 -ML = -0.0946 
	 -KLD = 0.0606
Saving Epoch: 16700/50000 
	 -ELBO = -0.0336 
	 -ML = -0.0948 
	 -KLD = 0.0612
Saving Epoch: 16800/50000 
	 -ELBO = -0.0344 
	 -ML = -0.0947 
	 -KLD = 0.0603
Saving Epoch: 16900/50000 
	 -ELBO = -0.0341 
	 -ML = -0.0947 
	 -KLD = 0.0606
Saving Epoch: 17000/50000 
	 -ELBO = -0.0335 
	 -ML = -0.0944 
	 -KLD = 0.0610
Saving Epoch: 17100/50000 
	 -ELBO = -0.0341 
	 -ML = -0.0947 
	 -KLD = 0.0606
Saving Epoch: 17200/50000 
	 -ELBO = -0.0336 
	 -ML = -0.0951 
	 -KLD = 0.0614
Saving Epoch: 17300/50000 
	 -ELBO = -0.0341 
	 -ML = -0.0947 
	 -KLD = 0.0606
Saving Epoch: 17400/50000 
	 -ELBO = -0.0339 
	 -ML = -0.0944 
	 -KLD = 0.0605
Saving Epoch: 17500/50000 
	 -ELBO = -0.0333 
	 -ML = -0.0947 
	 -KLD = 0.0614
Saving Epoch: 17600/50000 
	 -ELBO = -0.0342 
	 -ML = -0.0948 
	 -KLD = 0.0605
Saving Epoch: 17700/50000 
	 -ELBO = -0.0344 
	 -ML = -0.0947 
	 -KLD = 0.0603
Saving Epoch: 17800/50000 
	 -ELBO = -0.0344 
	 -ML = -0.0947 
	 -KLD = 0.0603
Saving Epoch: 17900/50000 
	 -ELBO = -0.0343 
	 -ML = -0.0948 
	 -KLD = 0.0605
Saving Epoch: 18000/50000 
	 -ELBO = -0.0342 
	 -ML = -0.0948 
	 -KLD = 0.0606
Saving Epoch: 18100/50000 
	 -ELBO = -0.0341 
	 -ML = -0.0951 
	 -KLD = 0.0609
Saving Epoch: 18200/50000 
	 -ELBO = -0.0340 
	 -ML = -0.0951 
	 -KLD = 0.0611
Saving Epoch: 18300/50000 
	 -ELBO = -0.0342 
	 -ML = -0.0948 
	 -KLD = 0.0606
Saving Epoch: 18400/50000 
	 -ELBO = -0.0339 
	 -ML = -0.0947 
	 -KLD = 0.0608
Saving Epoch: 18500/50000 
	 -ELBO = -0.0345 
	 -ML = -0.0949 
	 -KLD = 0.0604
Saving Epoch: 18600/50000 
	 -ELBO = -0.0344 
	 -ML = -0.0950 
	 -KLD = 0.0606
Saving Epoch: 18700/50000 
	 -ELBO = -0.0344 
	 -ML = -0.0950 
	 -KLD = 0.0606
Saving Epoch: 18800/50000 
	 -ELBO = -0.0341 
	 -ML = -0.0949 
	 -KLD = 0.0607
Saving Epoch: 18900/50000 
	 -ELBO = -0.0338 
	 -ML = -0.0948 
	 -KLD = 0.0610
Saving Epoch: 19000/50000 
	 -ELBO = -0.0325 
	 -ML = -0.0946 
	 -KLD = 0.0621
Saving Epoch: 19100/50000 
	 -ELBO = -0.0338 
	 -ML = -0.0950 
	 -KLD = 0.0612
Saving Epoch: 19200/50000 
	 -ELBO = -0.0345 
	 -ML = -0.0952 
	 -KLD = 0.0607
Saving Epoch: 19300/50000 
	 -ELBO = -0.0341 
	 -ML = -0.0951 
	 -KLD = 0.0609
Saving Epoch: 19400/50000 
	 -ELBO = -0.0341 
	 -ML = -0.0949 
	 -KLD = 0.0608
Saving Epoch: 19500/50000 
	 -ELBO = -0.0340 
	 -ML = -0.0950 
	 -KLD = 0.0610
Saving Epoch: 19600/50000 
	 -ELBO = -0.0344 
	 -ML = -0.0952 
	 -KLD = 0.0607
Saving Epoch: 19700/50000 
	 -ELBO = -0.0340 
	 -ML = -0.0951 
	 -KLD = 0.0611
Saving Epoch: 19800/50000 
	 -ELBO = -0.0338 
	 -ML = -0.0951 
	 -KLD = 0.0613
Saving Epoch: 19900/50000 
	 -ELBO = -0.0344 
	 -ML = -0.0951 
	 -KLD = 0.0607
Saving Epoch: 20000/50000 
	 -ELBO = -0.0345 
	 -ML = -0.0953 
	 -KLD = 0.0608
Saving Epoch: 20100/50000 
	 -ELBO = -0.0345 
	 -ML = -0.0950 
	 -KLD = 0.0605
Saving Epoch: 20200/50000 
	 -ELBO = -0.0346 
	 -ML = -0.0952 
	 -KLD = 0.0606
Saving Epoch: 20300/50000 
	 -ELBO = -0.0339 
	 -ML = -0.0950 
	 -KLD = 0.0611
Saving Epoch: 20400/50000 
	 -ELBO = -0.0344 
	 -ML = -0.0952 
	 -KLD = 0.0608
Saving Epoch: 20500/50000 
	 -ELBO = -0.0340 
	 -ML = -0.0950 
	 -KLD = 0.0610
Saving Epoch: 20600/50000 
	 -ELBO = -0.0343 
	 -ML = -0.0951 
	 -KLD = 0.0608
Saving Epoch: 20700/50000 
	 -ELBO = -0.0346 
	 -ML = -0.0951 
	 -KLD = 0.0605
Saving Epoch: 20800/50000 
	 -ELBO = -0.0343 
	 -ML = -0.0951 
	 -KLD = 0.0608
Saving Epoch: 20900/50000 
	 -ELBO = -0.0341 
	 -ML = -0.0953 
	 -KLD = 0.0612
Saving Epoch: 21000/50000 
	 -ELBO = -0.0341 
	 -ML = -0.0951 
	 -KLD = 0.0610
Saving Epoch: 21100/50000 
	 -ELBO = -0.0341 
	 -ML = -0.0959 
	 -KLD = 0.0618
Saving Epoch: 21200/50000 
	 -ELBO = -0.0347 
	 -ML = -0.0950 
	 -KLD = 0.0603
Saving Epoch: 21300/50000 
	 -ELBO = -0.0342 
	 -ML = -0.0951 
	 -KLD = 0.0609
Saving Epoch: 21400/50000 
	 -ELBO = -0.0341 
	 -ML = -0.0955 
	 -KLD = 0.0614
Saving Epoch: 21500/50000 
	 -ELBO = -0.0344 
	 -ML = -0.0956 
	 -KLD = 0.0612
Saving Epoch: 21600/50000 
	 -ELBO = -0.0339 
	 -ML = -0.0953 
	 -KLD = 0.0614
Saving Epoch: 21700/50000 
	 -ELBO = -0.0340 
	 -ML = -0.0953 
	 -KLD = 0.0613
Saving Epoch: 21800/50000 
	 -ELBO = -0.0343 
	 -ML = -0.0953 
	 -KLD = 0.0610
Saving Epoch: 21900/50000 
	 -ELBO = -0.0344 
	 -ML = -0.0955 
	 -KLD = 0.0611
Saving Epoch: 22000/50000 
	 -ELBO = -0.0339 
	 -ML = -0.0950 
	 -KLD = 0.0611
Saving Epoch: 22100/50000 
	 -ELBO = -0.0346 
	 -ML = -0.0956 
	 -KLD = 0.0610
Saving Epoch: 22200/50000 
	 -ELBO = -0.0349 
	 -ML = -0.0955 
	 -KLD = 0.0606
Saving Epoch: 22300/50000 
	 -ELBO = -0.0343 
	 -ML = -0.0954 
	 -KLD = 0.0611
Saving Epoch: 22400/50000 
	 -ELBO = -0.0338 
	 -ML = -0.0956 
	 -KLD = 0.0618
Saving Epoch: 22500/50000 
	 -ELBO = -0.0342 
	 -ML = -0.0957 
	 -KLD = 0.0615
Saving Epoch: 22600/50000 
	 -ELBO = -0.0343 
	 -ML = -0.0955 
	 -KLD = 0.0612
Saving Epoch: 22700/50000 
	 -ELBO = -0.0340 
	 -ML = -0.0953 
	 -KLD = 0.0613
Saving Epoch: 22800/50000 
	 -ELBO = -0.0341 
	 -ML = -0.0955 
	 -KLD = 0.0613
Saving Epoch: 22900/50000 
	 -ELBO = -0.0345 
	 -ML = -0.0955 
	 -KLD = 0.0610
Saving Epoch: 23000/50000 
	 -ELBO = -0.0345 
	 -ML = -0.0957 
	 -KLD = 0.0612
Saving Epoch: 23100/50000 
	 -ELBO = -0.0346 
	 -ML = -0.0956 
	 -KLD = 0.0611
Saving Epoch: 23200/50000 
	 -ELBO = -0.0345 
	 -ML = -0.0957 
	 -KLD = 0.0612
Saving Epoch: 23300/50000 
	 -ELBO = -0.0343 
	 -ML = -0.0956 
	 -KLD = 0.0612
Saving Epoch: 23400/50000 
	 -ELBO = -0.0343 
	 -ML = -0.0949 
	 -KLD = 0.0606
Saving Epoch: 23500/50000 
	 -ELBO = -0.0343 
	 -ML = -0.0954 
	 -KLD = 0.0611
Saving Epoch: 23600/50000 
	 -ELBO = -0.0346 
	 -ML = -0.0958 
	 -KLD = 0.0611
Saving Epoch: 23700/50000 
	 -ELBO = -0.0344 
	 -ML = -0.0959 
	 -KLD = 0.0615
Saving Epoch: 23800/50000 
	 -ELBO = -0.0345 
	 -ML = -0.0958 
	 -KLD = 0.0613
Saving Epoch: 23900/50000 
	 -ELBO = -0.0344 
	 -ML = -0.0956 
	 -KLD = 0.0612
Saving Epoch: 24000/50000 
	 -ELBO = -0.0335 
	 -ML = -0.0952 
	 -KLD = 0.0617
Saving Epoch: 24100/50000 
	 -ELBO = -0.0329 
	 -ML = -0.0951 
	 -KLD = 0.0622
Saving Epoch: 24200/50000 
	 -ELBO = -0.0348 
	 -ML = -0.0957 
	 -KLD = 0.0608
Saving Epoch: 24300/50000 
	 -ELBO = -0.0344 
	 -ML = -0.0952 
	 -KLD = 0.0608
Saving Epoch: 24400/50000 
	 -ELBO = -0.0346 
	 -ML = -0.0959 
	 -KLD = 0.0612
Saving Epoch: 24500/50000 
	 -ELBO = -0.0344 
	 -ML = -0.0961 
	 -KLD = 0.0618
Saving Epoch: 24600/50000 
	 -ELBO = -0.0339 
	 -ML = -0.0957 
	 -KLD = 0.0618
Saving Epoch: 24700/50000 
	 -ELBO = -0.0341 
	 -ML = -0.0960 
	 -KLD = 0.0619
Saving Epoch: 24800/50000 
	 -ELBO = -0.0341 
	 -ML = -0.0954 
	 -KLD = 0.0613
Saving Epoch: 24900/50000 
	 -ELBO = -0.0347 
	 -ML = -0.0957 
	 -KLD = 0.0610
Saving Epoch: 25000/50000 
	 -ELBO = -0.0350 
	 -ML = -0.0957 
	 -KLD = 0.0607
Saving Epoch: 25100/50000 
	 -ELBO = -0.0337 
	 -ML = -0.0956 
	 -KLD = 0.0620
Saving Epoch: 25200/50000 
	 -ELBO = -0.0346 
	 -ML = -0.0960 
	 -KLD = 0.0614
Saving Epoch: 25300/50000 
	 -ELBO = -0.0348 
	 -ML = -0.0961 
	 -KLD = 0.0613
Saving Epoch: 25400/50000 
	 -ELBO = -0.0332 
	 -ML = -0.0953 
	 -KLD = 0.0622
Saving Epoch: 25500/50000 
	 -ELBO = -0.0348 
	 -ML = -0.0956 
	 -KLD = 0.0608
Saving Epoch: 25600/50000 
	 -ELBO = -0.0349 
	 -ML = -0.0958 
	 -KLD = 0.0609
Saving Epoch: 25700/50000 
	 -ELBO = -0.0342 
	 -ML = -0.0958 
	 -KLD = 0.0616
Saving Epoch: 25800/50000 
	 -ELBO = -0.0340 
	 -ML = -0.0957 
	 -KLD = 0.0618
Saving Epoch: 25900/50000 
	 -ELBO = -0.0345 
	 -ML = -0.0960 
	 -KLD = 0.0615
Saving Epoch: 26000/50000 
	 -ELBO = -0.0349 
	 -ML = -0.0958 
	 -KLD = 0.0609
Saving Epoch: 26100/50000 
	 -ELBO = -0.0346 
	 -ML = -0.0962 
	 -KLD = 0.0617
Saving Epoch: 26200/50000 
	 -ELBO = -0.0341 
	 -ML = -0.0959 
	 -KLD = 0.0618
Saving Epoch: 26300/50000 
	 -ELBO = -0.0337 
	 -ML = -0.0963 
	 -KLD = 0.0626
Saving Epoch: 26400/50000 
	 -ELBO = -0.0347 
	 -ML = -0.0958 
	 -KLD = 0.0611
Saving Epoch: 26500/50000 
	 -ELBO = -0.0349 
	 -ML = -0.0959 
	 -KLD = 0.0610
Saving Epoch: 26600/50000 
	 -ELBO = -0.0346 
	 -ML = -0.0960 
	 -KLD = 0.0614
Saving Epoch: 26700/50000 
	 -ELBO = -0.0337 
	 -ML = -0.0959 
	 -KLD = 0.0622
Saving Epoch: 26800/50000 
	 -ELBO = -0.0349 
	 -ML = -0.0959 
	 -KLD = 0.0610
Saving Epoch: 26900/50000 
	 -ELBO = -0.0346 
	 -ML = -0.0960 
	 -KLD = 0.0613
Saving Epoch: 27000/50000 
	 -ELBO = -0.0343 
	 -ML = -0.0961 
	 -KLD = 0.0618
Saving Epoch: 27100/50000 
	 -ELBO = -0.0331 
	 -ML = -0.0946 
	 -KLD = 0.0615
Saving Epoch: 27200/50000 
	 -ELBO = -0.0341 
	 -ML = -0.0961 
	 -KLD = 0.0620
Saving Epoch: 27300/50000 
	 -ELBO = -0.0341 
	 -ML = -0.0955 
	 -KLD = 0.0613
Saving Epoch: 27400/50000 
	 -ELBO = -0.0349 
	 -ML = -0.0962 
	 -KLD = 0.0613
Saving Epoch: 27500/50000 
	 -ELBO = -0.0344 
	 -ML = -0.0960 
	 -KLD = 0.0616
Saving Epoch: 27600/50000 
	 -ELBO = -0.0339 
	 -ML = -0.0960 
	 -KLD = 0.0621
Saving Epoch: 27700/50000 
	 -ELBO = -0.0343 
	 -ML = -0.0956 
	 -KLD = 0.0614
Saving Epoch: 27800/50000 
	 -ELBO = -0.0346 
	 -ML = -0.0966 
	 -KLD = 0.0620
Saving Epoch: 27900/50000 
	 -ELBO = -0.0343 
	 -ML = -0.0962 
	 -KLD = 0.0619
Saving Epoch: 28000/50000 
	 -ELBO = -0.0350 
	 -ML = -0.0963 
	 -KLD = 0.0613
Saving Epoch: 28100/50000 
	 -ELBO = -0.0346 
	 -ML = -0.0963 
	 -KLD = 0.0617
Saving Epoch: 28200/50000 
	 -ELBO = -0.0350 
	 -ML = -0.0961 
	 -KLD = 0.0611
Saving Epoch: 28300/50000 
	 -ELBO = -0.0347 
	 -ML = -0.0966 
	 -KLD = 0.0619
Saving Epoch: 28400/50000 
	 -ELBO = -0.0344 
	 -ML = -0.0962 
	 -KLD = 0.0618
Saving Epoch: 28500/50000 
	 -ELBO = -0.0344 
	 -ML = -0.0963 
	 -KLD = 0.0619
Saving Epoch: 28600/50000 
	 -ELBO = -0.0348 
	 -ML = -0.0963 
	 -KLD = 0.0615
Saving Epoch: 28700/50000 
	 -ELBO = -0.0341 
	 -ML = -0.0959 
	 -KLD = 0.0618
Saving Epoch: 28800/50000 
	 -ELBO = -0.0343 
	 -ML = -0.0965 
	 -KLD = 0.0622
Saving Epoch: 28900/50000 
	 -ELBO = -0.0346 
	 -ML = -0.0964 
	 -KLD = 0.0618
Saving Epoch: 29000/50000 
	 -ELBO = -0.0328 
	 -ML = -0.0958 
	 -KLD = 0.0630
Saving Epoch: 29100/50000 
	 -ELBO = -0.0335 
	 -ML = -0.0967 
	 -KLD = 0.0633
Saving Epoch: 29200/50000 
	 -ELBO = -0.0342 
	 -ML = -0.0964 
	 -KLD = 0.0621
Saving Epoch: 29300/50000 
	 -ELBO = -0.0302 
	 -ML = -0.0936 
	 -KLD = 0.0634
Saving Epoch: 29400/50000 
	 -ELBO = -0.0340 
	 -ML = -0.0962 
	 -KLD = 0.0623
Saving Epoch: 29500/50000 
	 -ELBO = -0.0328 
	 -ML = -0.0955 
	 -KLD = 0.0627
Saving Epoch: 29600/50000 
	 -ELBO = -0.0342 
	 -ML = -0.0958 
	 -KLD = 0.0616
Saving Epoch: 29700/50000 
	 -ELBO = -0.0342 
	 -ML = -0.0963 
	 -KLD = 0.0621
Saving Epoch: 29800/50000 
	 -ELBO = -0.0341 
	 -ML = -0.0965 
	 -KLD = 0.0623
Saving Epoch: 29900/50000 
	 -ELBO = -0.0344 
	 -ML = -0.0962 
	 -KLD = 0.0619
Saving Epoch: 30000/50000 
	 -ELBO = -0.0351 
	 -ML = -0.0963 
	 -KLD = 0.0612
Saving Epoch: 30100/50000 
	 -ELBO = -0.0340 
	 -ML = -0.0965 
	 -KLD = 0.0625
Saving Epoch: 30200/50000 
	 -ELBO = -0.0341 
	 -ML = -0.0961 
	 -KLD = 0.0620
Saving Epoch: 30300/50000 
	 -ELBO = -0.0347 
	 -ML = -0.0962 
	 -KLD = 0.0615
Saving Epoch: 30400/50000 
	 -ELBO = -0.0332 
	 -ML = -0.0962 
	 -KLD = 0.0630
Saving Epoch: 30500/50000 
	 -ELBO = -0.0351 
	 -ML = -0.0964 
	 -KLD = 0.0613
Saving Epoch: 30600/50000 
	 -ELBO = -0.0340 
	 -ML = -0.0963 
	 -KLD = 0.0623
Saving Epoch: 30700/50000 
	 -ELBO = -0.0351 
	 -ML = -0.0964 
	 -KLD = 0.0613
Saving Epoch: 30800/50000 
	 -ELBO = -0.0347 
	 -ML = -0.0965 
	 -KLD = 0.0618
Saving Epoch: 30900/50000 
	 -ELBO = -0.0333 
	 -ML = -0.0975 
	 -KLD = 0.0643
Saving Epoch: 31000/50000 
	 -ELBO = -0.0345 
	 -ML = -0.0965 
	 -KLD = 0.0620
Saving Epoch: 31100/50000 
	 -ELBO = -0.0346 
	 -ML = -0.0965 
	 -KLD = 0.0619
Saving Epoch: 31200/50000 
	 -ELBO = -0.0348 
	 -ML = -0.0966 
	 -KLD = 0.0618
Saving Epoch: 31300/50000 
	 -ELBO = -0.0346 
	 -ML = -0.0964 
	 -KLD = 0.0618
Saving Epoch: 31400/50000 
	 -ELBO = -0.0343 
	 -ML = -0.0963 
	 -KLD = 0.0620
Saving Epoch: 31500/50000 
	 -ELBO = -0.0328 
	 -ML = -0.0955 
	 -KLD = 0.0626
Saving Epoch: 31600/50000 
	 -ELBO = -0.0342 
	 -ML = -0.0965 
	 -KLD = 0.0623
Saving Epoch: 31700/50000 
	 -ELBO = -0.0350 
	 -ML = -0.0961 
	 -KLD = 0.0610
Saving Epoch: 31800/50000 
	 -ELBO = -0.0337 
	 -ML = -0.0968 
	 -KLD = 0.0631
Saving Epoch: 31900/50000 
	 -ELBO = -0.0340 
	 -ML = -0.0964 
	 -KLD = 0.0624
Saving Epoch: 32000/50000 
	 -ELBO = -0.0318 
	 -ML = -0.0959 
	 -KLD = 0.0641
Saving Epoch: 32100/50000 
	 -ELBO = -0.0316 
	 -ML = -0.0960 
	 -KLD = 0.0644
Saving Epoch: 32200/50000 
	 -ELBO = -0.0347 
	 -ML = -0.0963 
	 -KLD = 0.0616
Saving Epoch: 32300/50000 
	 -ELBO = -0.0344 
	 -ML = -0.0966 
	 -KLD = 0.0622
Saving Epoch: 32400/50000 
	 -ELBO = -0.0337 
	 -ML = -0.0968 
	 -KLD = 0.0631
Saving Epoch: 32500/50000 
	 -ELBO = -0.0313 
	 -ML = -0.0938 
	 -KLD = 0.0624
Saving Epoch: 32600/50000 
	 -ELBO = -0.0341 
	 -ML = -0.0967 
	 -KLD = 0.0625
Saving Epoch: 32700/50000 
	 -ELBO = -0.0335 
	 -ML = -0.0969 
	 -KLD = 0.0635
Saving Epoch: 32800/50000 
	 -ELBO = -0.0340 
	 -ML = -0.0970 
	 -KLD = 0.0630
Saving Epoch: 32900/50000 
	 -ELBO = -0.0332 
	 -ML = -0.0955 
	 -KLD = 0.0623
Saving Epoch: 33000/50000 
	 -ELBO = -0.0334 
	 -ML = -0.0962 
	 -KLD = 0.0627
Saving Epoch: 33100/50000 
	 -ELBO = -0.0335 
	 -ML = -0.0967 
	 -KLD = 0.0632
Saving Epoch: 33200/50000 
	 -ELBO = -0.0328 
	 -ML = -0.0967 
	 -KLD = 0.0640
Saving Epoch: 33300/50000 
	 -ELBO = -0.0337 
	 -ML = -0.0969 
	 -KLD = 0.0632
Saving Epoch: 33400/50000 
	 -ELBO = -0.0345 
	 -ML = -0.0968 
	 -KLD = 0.0623
Saving Epoch: 33500/50000 
	 -ELBO = -0.0342 
	 -ML = -0.0966 
	 -KLD = 0.0624
Saving Epoch: 33600/50000 
	 -ELBO = -0.0339 
	 -ML = -0.0972 
	 -KLD = 0.0633
Saving Epoch: 33700/50000 
	 -ELBO = -0.0346 
	 -ML = -0.0970 
	 -KLD = 0.0624
Saving Epoch: 33800/50000 
	 -ELBO = -0.0344 
	 -ML = -0.0970 
	 -KLD = 0.0626
Saving Epoch: 33900/50000 
	 -ELBO = -0.0337 
	 -ML = -0.0973 
	 -KLD = 0.0636
Saving Epoch: 34000/50000 
	 -ELBO = -0.0349 
	 -ML = -0.0966 
	 -KLD = 0.0617
Saving Epoch: 34100/50000 
	 -ELBO = -0.0345 
	 -ML = -0.0965 
	 -KLD = 0.0620
Saving Epoch: 34200/50000 
	 -ELBO = -0.0348 
	 -ML = -0.0967 
	 -KLD = 0.0619
Saving Epoch: 34300/50000 
	 -ELBO = -0.0345 
	 -ML = -0.0967 
	 -KLD = 0.0622
Saving Epoch: 34400/50000 
	 -ELBO = -0.0344 
	 -ML = -0.0967 
	 -KLD = 0.0622
Saving Epoch: 34500/50000 
	 -ELBO = -0.0348 
	 -ML = -0.0968 
	 -KLD = 0.0620
Saving Epoch: 34600/50000 
	 -ELBO = -0.0347 
	 -ML = -0.0965 
	 -KLD = 0.0617
Saving Epoch: 34700/50000 
	 -ELBO = -0.0331 
	 -ML = -0.0964 
	 -KLD = 0.0633
Saving Epoch: 34800/50000 
	 -ELBO = -0.0344 
	 -ML = -0.0966 
	 -KLD = 0.0623
Saving Epoch: 34900/50000 
	 -ELBO = -0.0340 
	 -ML = -0.0974 
	 -KLD = 0.0633
Saving Epoch: 35000/50000 
	 -ELBO = -0.0316 
	 -ML = -0.0959 
	 -KLD = 0.0642
Saving Epoch: 35100/50000 
	 -ELBO = -0.0332 
	 -ML = -0.0972 
	 -KLD = 0.0640
Saving Epoch: 35200/50000 
	 -ELBO = -0.0347 
	 -ML = -0.0968 
	 -KLD = 0.0621
Saving Epoch: 35300/50000 
	 -ELBO = -0.0344 
	 -ML = -0.0972 
	 -KLD = 0.0628
Saving Epoch: 35400/50000 
	 -ELBO = -0.0341 
	 -ML = -0.0965 
	 -KLD = 0.0624
Saving Epoch: 35500/50000 
	 -ELBO = -0.0348 
	 -ML = -0.0969 
	 -KLD = 0.0621
Saving Epoch: 35600/50000 
	 -ELBO = -0.0336 
	 -ML = -0.0962 
	 -KLD = 0.0627
Saving Epoch: 35700/50000 
	 -ELBO = -0.0318 
	 -ML = -0.0953 
	 -KLD = 0.0635
Saving Epoch: 35800/50000 
	 -ELBO = -0.0338 
	 -ML = -0.0966 
	 -KLD = 0.0628
Saving Epoch: 35900/50000 
	 -ELBO = -0.0342 
	 -ML = -0.0968 
	 -KLD = 0.0626
Saving Epoch: 36000/50000 
	 -ELBO = -0.0342 
	 -ML = -0.0967 
	 -KLD = 0.0625
Saving Epoch: 36100/50000 
	 -ELBO = -0.0331 
	 -ML = -0.0975 
	 -KLD = 0.0644
Saving Epoch: 36200/50000 
	 -ELBO = -0.0330 
	 -ML = -0.0968 
	 -KLD = 0.0638
Saving Epoch: 36300/50000 
	 -ELBO = -0.0333 
	 -ML = -0.0961 
	 -KLD = 0.0628
Saving Epoch: 36400/50000 
	 -ELBO = -0.0339 
	 -ML = -0.0970 
	 -KLD = 0.0631
Saving Epoch: 36500/50000 
	 -ELBO = -0.0349 
	 -ML = -0.0968 
	 -KLD = 0.0619
Saving Epoch: 36600/50000 
	 -ELBO = -0.0330 
	 -ML = -0.0977 
	 -KLD = 0.0647
Saving Epoch: 36700/50000 
	 -ELBO = -0.0337 
	 -ML = -0.0972 
	 -KLD = 0.0635
Saving Epoch: 36800/50000 
	 -ELBO = -0.0341 
	 -ML = -0.0968 
	 -KLD = 0.0627
Saving Epoch: 36900/50000 
	 -ELBO = -0.0335 
	 -ML = -0.0971 
	 -KLD = 0.0636
Saving Epoch: 37000/50000 
	 -ELBO = -0.0338 
	 -ML = -0.0968 
	 -KLD = 0.0630
Saving Epoch: 37100/50000 
	 -ELBO = -0.0340 
	 -ML = -0.0970 
	 -KLD = 0.0630
Saving Epoch: 37200/50000 
	 -ELBO = -0.0341 
	 -ML = -0.0967 
	 -KLD = 0.0626
Saving Epoch: 37300/50000 
	 -ELBO = -0.0335 
	 -ML = -0.0967 
	 -KLD = 0.0633
Saving Epoch: 37400/50000 
	 -ELBO = -0.0330 
	 -ML = -0.0977 
	 -KLD = 0.0647
Saving Epoch: 37500/50000 
	 -ELBO = -0.0343 
	 -ML = -0.0970 
	 -KLD = 0.0627
Saving Epoch: 37600/50000 
	 -ELBO = -0.0324 
	 -ML = -0.0966 
	 -KLD = 0.0643
Saving Epoch: 37700/50000 
	 -ELBO = -0.0341 
	 -ML = -0.0969 
	 -KLD = 0.0628
Saving Epoch: 37800/50000 
	 -ELBO = -0.0336 
	 -ML = -0.0972 
	 -KLD = 0.0636
Saving Epoch: 37900/50000 
	 -ELBO = -0.0335 
	 -ML = -0.0975 
	 -KLD = 0.0640
Saving Epoch: 38000/50000 
	 -ELBO = -0.0338 
	 -ML = -0.0969 
	 -KLD = 0.0631
Saving Epoch: 38100/50000 
	 -ELBO = -0.0336 
	 -ML = -0.0965 
	 -KLD = 0.0629
Saving Epoch: 38200/50000 
	 -ELBO = -0.0342 
	 -ML = -0.0970 
	 -KLD = 0.0627
Saving Epoch: 38300/50000 
	 -ELBO = -0.0337 
	 -ML = -0.0973 
	 -KLD = 0.0636
Saving Epoch: 38400/50000 
	 -ELBO = -0.0341 
	 -ML = -0.0968 
	 -KLD = 0.0628
Saving Epoch: 38500/50000 
	 -ELBO = -0.0335 
	 -ML = -0.0971 
	 -KLD = 0.0636
Saving Epoch: 38600/50000 
	 -ELBO = -0.0324 
	 -ML = -0.0962 
	 -KLD = 0.0638
Saving Epoch: 38700/50000 
	 -ELBO = -0.0342 
	 -ML = -0.0968 
	 -KLD = 0.0626
Saving Epoch: 38800/50000 
	 -ELBO = -0.0325 
	 -ML = -0.0965 
	 -KLD = 0.0640
Saving Epoch: 38900/50000 
	 -ELBO = -0.0332 
	 -ML = -0.0975 
	 -KLD = 0.0643
Saving Epoch: 39000/50000 
	 -ELBO = -0.0337 
	 -ML = -0.0973 
	 -KLD = 0.0636
Saving Epoch: 39100/50000 
	 -ELBO = -0.0340 
	 -ML = -0.0969 
	 -KLD = 0.0629
Saving Epoch: 39200/50000 
	 -ELBO = -0.0332 
	 -ML = -0.0969 
	 -KLD = 0.0637
Saving Epoch: 39300/50000 
	 -ELBO = -0.0338 
	 -ML = -0.0971 
	 -KLD = 0.0633
Saving Epoch: 39400/50000 
	 -ELBO = -0.0339 
	 -ML = -0.0968 
	 -KLD = 0.0630
Saving Epoch: 39500/50000 
	 -ELBO = -0.0334 
	 -ML = -0.0967 
	 -KLD = 0.0634
Saving Epoch: 39600/50000 
	 -ELBO = -0.0313 
	 -ML = -0.0968 
	 -KLD = 0.0656
Saving Epoch: 39700/50000 
	 -ELBO = -0.0341 
	 -ML = -0.0971 
	 -KLD = 0.0629
Saving Epoch: 39800/50000 
	 -ELBO = -0.0334 
	 -ML = -0.0968 
	 -KLD = 0.0634
Saving Epoch: 39900/50000 
	 -ELBO = -0.0330 
	 -ML = -0.0970 
	 -KLD = 0.0641
Saving Epoch: 40000/50000 
	 -ELBO = -0.0336 
	 -ML = -0.0967 
	 -KLD = 0.0631
Saving Epoch: 40100/50000 
	 -ELBO = -0.0336 
	 -ML = -0.0968 
	 -KLD = 0.0632
Saving Epoch: 40200/50000 
	 -ELBO = -0.0333 
	 -ML = -0.0972 
	 -KLD = 0.0639
Saving Epoch: 40300/50000 
	 -ELBO = -0.0300 
	 -ML = -0.0956 
	 -KLD = 0.0656
Saving Epoch: 40400/50000 
	 -ELBO = -0.0333 
	 -ML = -0.0972 
	 -KLD = 0.0640
Saving Epoch: 40500/50000 
	 -ELBO = -0.0326 
	 -ML = -0.0970 
	 -KLD = 0.0644
Saving Epoch: 40600/50000 
	 -ELBO = -0.0322 
	 -ML = -0.0971 
	 -KLD = 0.0649
Saving Epoch: 40700/50000 
	 -ELBO = -0.0329 
	 -ML = -0.0970 
	 -KLD = 0.0640
Saving Epoch: 40800/50000 
	 -ELBO = -0.0327 
	 -ML = -0.0972 
	 -KLD = 0.0645
Saving Epoch: 40900/50000 
	 -ELBO = -0.0319 
	 -ML = -0.0964 
	 -KLD = 0.0646
Saving Epoch: 41000/50000 
	 -ELBO = -0.0325 
	 -ML = -0.0967 
	 -KLD = 0.0643
Saving Epoch: 41100/50000 
	 -ELBO = -0.0326 
	 -ML = -0.0974 
	 -KLD = 0.0648
Saving Epoch: 41200/50000 
	 -ELBO = -0.0337 
	 -ML = -0.0972 
	 -KLD = 0.0635
Saving Epoch: 41300/50000 
	 -ELBO = -0.0328 
	 -ML = -0.0973 
	 -KLD = 0.0645
Saving Epoch: 41400/50000 
	 -ELBO = -0.0324 
	 -ML = -0.0968 
	 -KLD = 0.0643
Saving Epoch: 41500/50000 
	 -ELBO = -0.0318 
	 -ML = -0.0974 
	 -KLD = 0.0656
Saving Epoch: 41600/50000 
	 -ELBO = -0.0326 
	 -ML = -0.0966 
	 -KLD = 0.0640
Saving Epoch: 41700/50000 
	 -ELBO = -0.0326 
	 -ML = -0.0969 
	 -KLD = 0.0643
Saving Epoch: 41800/50000 
	 -ELBO = -0.0287 
	 -ML = -0.0952 
	 -KLD = 0.0665
Saving Epoch: 41900/50000 
	 -ELBO = -0.0330 
	 -ML = -0.0970 
	 -KLD = 0.0639
Saving Epoch: 42000/50000 
	 -ELBO = -0.0304 
	 -ML = -0.0956 
	 -KLD = 0.0651
Saving Epoch: 42100/50000 
	 -ELBO = -0.0339 
	 -ML = -0.0970 
	 -KLD = 0.0630
Saving Epoch: 42200/50000 
	 -ELBO = -0.0333 
	 -ML = -0.0969 
	 -KLD = 0.0636
Saving Epoch: 42300/50000 
	 -ELBO = -0.0332 
	 -ML = -0.0971 
	 -KLD = 0.0639
Saving Epoch: 42400/50000 
	 -ELBO = -0.0323 
	 -ML = -0.0972 
	 -KLD = 0.0649
Saving Epoch: 42500/50000 
	 -ELBO = -0.0329 
	 -ML = -0.0972 
	 -KLD = 0.0642
Saving Epoch: 42600/50000 
	 -ELBO = -0.0328 
	 -ML = -0.0965 
	 -KLD = 0.0637
Saving Epoch: 42700/50000 
	 -ELBO = -0.0313 
	 -ML = -0.0966 
	 -KLD = 0.0653
Saving Epoch: 42800/50000 
	 -ELBO = -0.0316 
	 -ML = -0.0963 
	 -KLD = 0.0647
Saving Epoch: 42900/50000 
	 -ELBO = -0.0324 
	 -ML = -0.0969 
	 -KLD = 0.0645
Saving Epoch: 43000/50000 
	 -ELBO = -0.0318 
	 -ML = -0.0972 
	 -KLD = 0.0654
Saving Epoch: 43100/50000 
	 -ELBO = -0.0331 
	 -ML = -0.0973 
	 -KLD = 0.0642
Saving Epoch: 43200/50000 
	 -ELBO = -0.0326 
	 -ML = -0.0974 
	 -KLD = 0.0648
Saving Epoch: 43300/50000 
	 -ELBO = -0.0312 
	 -ML = -0.0963 
	 -KLD = 0.0652
Saving Epoch: 43400/50000 
	 -ELBO = -0.0321 
	 -ML = -0.0973 
	 -KLD = 0.0652
Saving Epoch: 43500/50000 
	 -ELBO = -0.0325 
	 -ML = -0.0969 
	 -KLD = 0.0644
Saving Epoch: 43600/50000 
	 -ELBO = -0.0318 
	 -ML = -0.0969 
	 -KLD = 0.0651
Saving Epoch: 43700/50000 
	 -ELBO = -0.0320 
	 -ML = -0.0972 
	 -KLD = 0.0652
Saving Epoch: 43800/50000 
	 -ELBO = -0.0312 
	 -ML = -0.0965 
	 -KLD = 0.0653
Saving Epoch: 43900/50000 
	 -ELBO = -0.0319 
	 -ML = -0.0972 
	 -KLD = 0.0653
Saving Epoch: 44000/50000 
	 -ELBO = -0.0312 
	 -ML = -0.0956 
	 -KLD = 0.0644
Saving Epoch: 44100/50000 
	 -ELBO = -0.0303 
	 -ML = -0.0956 
	 -KLD = 0.0652
Saving Epoch: 44200/50000 
	 -ELBO = -0.0319 
	 -ML = -0.0971 
	 -KLD = 0.0653
Saving Epoch: 44300/50000 
	 -ELBO = -0.0325 
	 -ML = -0.0971 
	 -KLD = 0.0646
Saving Epoch: 44400/50000 
	 -ELBO = -0.0335 
	 -ML = -0.0973 
	 -KLD = 0.0638
Saving Epoch: 44500/50000 
	 -ELBO = -0.0312 
	 -ML = -0.0964 
	 -KLD = 0.0651
Saving Epoch: 44600/50000 
	 -ELBO = -0.0329 
	 -ML = -0.0973 
	 -KLD = 0.0644
Saving Epoch: 44700/50000 
	 -ELBO = -0.0311 
	 -ML = -0.0978 
	 -KLD = 0.0667
Saving Epoch: 44800/50000 
	 -ELBO = -0.0307 
	 -ML = -0.0970 
	 -KLD = 0.0663
Saving Epoch: 44900/50000 
	 -ELBO = -0.0315 
	 -ML = -0.0966 
	 -KLD = 0.0651
Saving Epoch: 45000/50000 
	 -ELBO = -0.0320 
	 -ML = -0.0973 
	 -KLD = 0.0653
Saving Epoch: 45100/50000 
	 -ELBO = -0.0319 
	 -ML = -0.0972 
	 -KLD = 0.0653
Saving Epoch: 45200/50000 
	 -ELBO = -0.0327 
	 -ML = -0.0973 
	 -KLD = 0.0646
Saving Epoch: 45300/50000 
	 -ELBO = -0.0312 
	 -ML = -0.0978 
	 -KLD = 0.0666
Saving Epoch: 45400/50000 
	 -ELBO = -0.0320 
	 -ML = -0.0968 
	 -KLD = 0.0648
Saving Epoch: 45500/50000 
	 -ELBO = -0.0314 
	 -ML = -0.0966 
	 -KLD = 0.0652
Saving Epoch: 45600/50000 
	 -ELBO = -0.0324 
	 -ML = -0.0975 
	 -KLD = 0.0651
Saving Epoch: 45700/50000 
	 -ELBO = -0.0298 
	 -ML = -0.0944 
	 -KLD = 0.0646
Saving Epoch: 45800/50000 
	 -ELBO = -0.0310 
	 -ML = -0.0973 
	 -KLD = 0.0663
Saving Epoch: 45900/50000 
	 -ELBO = -0.0302 
	 -ML = -0.0965 
	 -KLD = 0.0663
Saving Epoch: 46000/50000 
	 -ELBO = -0.0311 
	 -ML = -0.0970 
	 -KLD = 0.0659
Saving Epoch: 46100/50000 
	 -ELBO = -0.0319 
	 -ML = -0.0974 
	 -KLD = 0.0655
Saving Epoch: 46200/50000 
	 -ELBO = -0.0323 
	 -ML = -0.0974 
	 -KLD = 0.0651
Saving Epoch: 46300/50000 
	 -ELBO = -0.0312 
	 -ML = -0.0978 
	 -KLD = 0.0666
Saving Epoch: 46400/50000 
	 -ELBO = -0.0319 
	 -ML = -0.0970 
	 -KLD = 0.0651
Saving Epoch: 46500/50000 
	 -ELBO = -0.0285 
	 -ML = -0.0964 
	 -KLD = 0.0679
Saving Epoch: 46600/50000 
	 -ELBO = -0.0321 
	 -ML = -0.0973 
	 -KLD = 0.0652
Saving Epoch: 46700/50000 
	 -ELBO = -0.0322 
	 -ML = -0.0975 
	 -KLD = 0.0654
Saving Epoch: 46800/50000 
	 -ELBO = -0.0316 
	 -ML = -0.0977 
	 -KLD = 0.0661
Saving Epoch: 46900/50000 
	 -ELBO = -0.0301 
	 -ML = -0.0960 
	 -KLD = 0.0659
Saving Epoch: 47000/50000 
	 -ELBO = -0.0308 
	 -ML = -0.0973 
	 -KLD = 0.0665
Saving Epoch: 47100/50000 
	 -ELBO = -0.0309 
	 -ML = -0.0972 
	 -KLD = 0.0663
Saving Epoch: 47200/50000 
	 -ELBO = -0.0310 
	 -ML = -0.0970 
	 -KLD = 0.0660
Saving Epoch: 47300/50000 
	 -ELBO = -0.0318 
	 -ML = -0.0970 
	 -KLD = 0.0651
Saving Epoch: 47400/50000 
	 -ELBO = -0.0309 
	 -ML = -0.0975 
	 -KLD = 0.0666
Saving Epoch: 47500/50000 
	 -ELBO = -0.0307 
	 -ML = -0.0966 
	 -KLD = 0.0660
Saving Epoch: 47600/50000 
	 -ELBO = -0.0301 
	 -ML = -0.0975 
	 -KLD = 0.0674
Saving Epoch: 47700/50000 
	 -ELBO = -0.0304 
	 -ML = -0.0971 
	 -KLD = 0.0667
Saving Epoch: 47800/50000 
	 -ELBO = -0.0310 
	 -ML = -0.0976 
	 -KLD = 0.0666
Saving Epoch: 47900/50000 
	 -ELBO = -0.0264 
	 -ML = -0.0939 
	 -KLD = 0.0675
Saving Epoch: 48000/50000 
	 -ELBO = -0.0282 
	 -ML = -0.0963 
	 -KLD = 0.0681
Saving Epoch: 48100/50000 
	 -ELBO = -0.0304 
	 -ML = -0.0974 
	 -KLD = 0.0670
Saving Epoch: 48200/50000 
	 -ELBO = -0.0283 
	 -ML = -0.0961 
	 -KLD = 0.0679
Saving Epoch: 48300/50000 
	 -ELBO = -0.0256 
	 -ML = -0.0959 
	 -KLD = 0.0703
Saving Epoch: 48400/50000 
	 -ELBO = -0.0276 
	 -ML = -0.0965 
	 -KLD = 0.0689
Saving Epoch: 48500/50000 
	 -ELBO = -0.0314 
	 -ML = -0.0971 
	 -KLD = 0.0658
Saving Epoch: 48600/50000 
	 -ELBO = -0.0316 
	 -ML = -0.0972 
	 -KLD = 0.0657
Saving Epoch: 48700/50000 
	 -ELBO = -0.0305 
	 -ML = -0.0966 
	 -KLD = 0.0662
Saving Epoch: 48800/50000 
	 -ELBO = -0.0278 
	 -ML = -0.0960 
	 -KLD = 0.0681
Saving Epoch: 48900/50000 
	 -ELBO = -0.0312 
	 -ML = -0.0972 
	 -KLD = 0.0661
Saving Epoch: 49000/50000 
	 -ELBO = -0.0306 
	 -ML = -0.0973 
	 -KLD = 0.0667
Saving Epoch: 49100/50000 
	 -ELBO = -0.0255 
	 -ML = -0.0948 
	 -KLD = 0.0693
Saving Epoch: 49200/50000 
	 -ELBO = -0.0306 
	 -ML = -0.0969 
	 -KLD = 0.0663
Saving Epoch: 49300/50000 
	 -ELBO = -0.0286 
	 -ML = -0.0974 
	 -KLD = 0.0688
Saving Epoch: 49400/50000 
	 -ELBO = -0.0299 
	 -ML = -0.0974 
	 -KLD = 0.0675
Saving Epoch: 49500/50000 
	 -ELBO = -0.0262 
	 -ML = -0.0944 
	 -KLD = 0.0682
Saving Epoch: 49600/50000 
	 -ELBO = -0.0314 
	 -ML = -0.0968 
	 -KLD = 0.0654
Saving Epoch: 49700/50000 
	 -ELBO = -0.0288 
	 -ML = -0.0963 
	 -KLD = 0.0675
Saving Epoch: 49800/50000 
	 -ELBO = -0.0270 
	 -ML = -0.0954 
	 -KLD = 0.0683
Saving Epoch: 49900/50000 
	 -ELBO = -0.0289 
	 -ML = -0.0967 
	 -KLD = 0.0677
Saving Epoch: 50000/50000 
	 -ELBO = -0.0285 
	 -ML = -0.0946 
	 -KLD = 0.0660
